?   	github.com/khulnasoft-labs/goscope	[no test files]
?   	github.com/khulnasoft-labs/goscope/examples	[no test files]
PASS
ok  	github.com/khulnasoft-labs/goscope/internal	0.008s
?   	github.com/khulnasoft-labs/goscope/internal/bus	[no test files]
?   	github.com/khulnasoft-labs/goscope/internal/docker	[no test files]
?   	github.com/khulnasoft-labs/goscope/internal/log	[no test files]
PASS
ok  	github.com/khulnasoft-labs/goscope/internal/podman	0.018s
?   	github.com/khulnasoft-labs/goscope/pkg/event	[no test files]
?   	github.com/khulnasoft-labs/goscope/pkg/event/parsers	[no test files]
Unable to find image 'ubuntu:latest' locally
latest: Pulling from library/ubuntu
3153aa388d02: Pulling fs layer
3153aa388d02: Verifying Checksum
3153aa388d02: Download complete
3153aa388d02: Pull complete
Digest: sha256:0bced47fffa3361afa981854fcabcd4577cd43cebbb808cea2b1f33a3dd7f508
Status: Downloaded newer image for ubuntu:latest
+ mkdir /tmp/goscope
+ pushd /tmp/goscope
+ mkdir -p path/branch/one
/tmp/goscope /scratch
+ mkdir -p path/branch/two
+ echo 'first file'
+ echo 'second file'
+ echo 'third file'
+ chmod -R 755 path
+ chmod -R 700 path/branch/one/
+ chmod 664 path/file-3.txt
+ tar --sort=name --owner=1337 --group=5432 '--mtime=UTC 2019-09-16' -cvf /scratch/fixture-1:cbddd8df132058daaa192382eefafec847c768cccfcbb165ac3a5b3a7e38d963.tar path/
tar: Option --mtime: Treating date 'UTC 2019-09-16' as 2019-09-16 00:00:00
path/
path/branch/
path/branch/one/
path/branch/one/file-1.txt
path/branch/two/
path/branch/two/file-2.txt
path/file-3.txt
+ popd
/scratch
goos: linux
goarch: amd64
pkg: github.com/khulnasoft-labs/goscope/pkg/file
cpu: Intel(R) Xeon(R) Platinum 8272CL CPU @ 2.60GHz
BenchmarkTarIndex-2   	       1	15603781800 ns/op	   70144 B/op	     188 allocs/op
--- BENCH: BenchmarkTarIndex-2
    tarutil_test.go:121: Creating tar fixture: test-fixtures/tar-cache/fixture-1:cbddd8df132058daaa192382eefafec847c768cccfcbb165ac3a5b3a7e38d963.tar
BenchmarkTarIndex-2   	   25675	     60570 ns/op	    5692 B/op	      93 allocs/op
BenchmarkTarIndex-2   	   24214	     53397 ns/op	    5692 B/op	      93 allocs/op
BenchmarkTarIndex-2   	   20595	     49506 ns/op	    5694 B/op	      93 allocs/op
BenchmarkTarIndex-2   	   17242	     87017 ns/op	    5691 B/op	      93 allocs/op
PASS
ok  	github.com/khulnasoft-labs/goscope/pkg/file	25.495s
PASS
ok  	github.com/khulnasoft-labs/goscope/pkg/filetree	0.033s
?   	github.com/khulnasoft-labs/goscope/pkg/filetree/filenode	[no test files]
PASS
ok  	github.com/khulnasoft-labs/goscope/pkg/image	0.021s
PASS
ok  	github.com/khulnasoft-labs/goscope/pkg/image/docker	0.008s
PASS
ok  	github.com/khulnasoft-labs/goscope/pkg/image/oci	0.009s
PASS
ok  	github.com/khulnasoft-labs/goscope/pkg/image/oci/credhelpers	0.017s
PASS
ok  	github.com/khulnasoft-labs/goscope/pkg/image/sif	0.015s
?   	github.com/khulnasoft-labs/goscope/pkg/imagetest	[no test files]
PASS
ok  	github.com/khulnasoft-labs/goscope/pkg/tree	0.008s
PASS
ok  	github.com/khulnasoft-labs/goscope/pkg/tree/node	0.011s
#2 [internal] load .dockerignore
#2 sha256:db70af033619b66d59e8b548c275a7b56e9a9ee8e2f3ec4e5de382e761cf9467
#2 transferring context: 2B done
#2 DONE 0.4s

#1 [internal] load build definition from Dockerfile
#1 sha256:05bd47e6510bae513825a3bb4e36b654af6a765a0fd13ba56f56f5864bf0ab23
#1 transferring dockerfile: 348B done
#1 DONE 0.4s

#3 [internal] load build context
#3 sha256:e0b18f89f2fd4d63f4a6cd412d9976db717a5e0574c4946fff0d09ff722138a6
#3 transferring context: 474B done
#3 DONE 0.1s

#4 [1/3] ADD file-1.txt /somefile-1.txt
#4 sha256:74edd85bc68bebb2b6a685ca352594a8758425d6b40fac38a1c37a6274830fd0
#4 DONE 0.1s

#5 [2/3] ADD file-2.txt /somefile-2.txt
#5 sha256:81556cf2bc96eabc490c64b62dcff0f76f982a998411f7a533fc3d2d7a0e5b11
#5 DONE 0.4s

#6 [3/3] ADD target /
#6 sha256:698f44429a7e1562182f8902ea0da0a15d8d9d362ffb62ec1ec176574bdcbda6
#6 DONE 0.3s

#7 exporting to image
#7 sha256:e8c613e07b0b7ff33893b694f7759a10d42e180f2b4dc349fb57dc6b71dcab00
#7 exporting layers
#7 exporting layers 1.2s done
#7 writing image sha256:135074897bd6f93816d715be2f648df66fda5730887232f15b22ae0b7a901c12 0.0s done
#7 naming to docker.io/library/goscope-fixture-image-simple:04e16e44161c8888a1a963720fd0443cbf7eef8101434c431de8725cd98cc9f7 0.0s done
#7 naming to docker.io/library/goscope-fixture-image-simple:latest 0.0s done
#7 DONE 1.2s
goos: linux
goarch: amd64
pkg: github.com/khulnasoft-labs/goscope/test/integration
cpu: Intel(R) Xeon(R) Platinum 8272CL CPU @ 2.60GHz
BenchmarkSimpleImage_GetImage/docker-archive-2 	     790	   1415457 ns/op	  331568 B/op	    2621 allocs/op
BenchmarkSimpleImage_GetImage/docker-archive-2 	     782	   1477574 ns/op	  331637 B/op	    2621 allocs/op
BenchmarkSimpleImage_GetImage/docker-archive-2 	     872	   1650367 ns/op	  331826 B/op	    2621 allocs/op
BenchmarkSimpleImage_GetImage/docker-archive-2 	     816	   1787807 ns/op	  331742 B/op	    2621 allocs/op
BenchmarkSimpleImage_GetImage/docker-archive-2 	     763	   1560191 ns/op	  331698 B/op	    2621 allocs/op
--- FAIL: BenchmarkSimpleImage_GetImage
    image_fixtures.go:209: Build docker image: name="goscope-fixture-image-simple" tag="04e16e44161c8888a1a963720fd0443cbf7eef8101434c431de8725cd98cc9f7"
    image_fixtures.go:222: Build podman image: name="goscope-fixture-image-simple" tag="04e16e44161c8888a1a963720fd0443cbf7eef8101434c431de8725cd98cc9f7"
    image_fixtures.go:232: 
        	Error Trace:	/workspaces/goscope/pkg/imagetest/image_fixtures.go:232
        	            				/workspaces/goscope/pkg/imagetest/image_fixtures.go:147
        	            				/workspaces/goscope/pkg/imagetest/image_fixtures.go:137
        	            				/workspaces/goscope/pkg/imagetest/image_fixtures.go:37
        	            				/workspaces/goscope/test/integration/fixture_image_simple_test.go:147
        	Error:      	Received unexpected error:
        	            	exec: "podman": executable file not found in $PATH
        	Test:       	BenchmarkSimpleImage_GetImage
        	Messages:   	could not build podman image (shell out)
BenchmarkSimpleImage_FetchSquashedContents/docker-archive-2         	   44155	     27588 ns/op	    2712 B/op	      21 allocs/op
BenchmarkSimpleImage_FetchSquashedContents/docker-archive-2         	   41905	     27133 ns/op	    2712 B/op	      21 allocs/op
BenchmarkSimpleImage_FetchSquashedContents/docker-archive-2         	   37584	     28138 ns/op	    2712 B/op	      21 allocs/op
BenchmarkSimpleImage_FetchSquashedContents/docker-archive-2         	   37698	     27226 ns/op	    2712 B/op	      21 allocs/op
BenchmarkSimpleImage_FetchSquashedContents/docker-archive-2         	   45028	     31731 ns/op	    2712 B/op	      21 allocs/op
--- FAIL: BenchmarkSimpleImage_FetchSquashedContents
    image_fixtures.go:222: Build podman image: name="goscope-fixture-image-simple" tag="04e16e44161c8888a1a963720fd0443cbf7eef8101434c431de8725cd98cc9f7"
    image_fixtures.go:232: 
        	Error Trace:	/workspaces/goscope/pkg/imagetest/image_fixtures.go:232
        	            				/workspaces/goscope/pkg/imagetest/image_fixtures.go:147
        	            				/workspaces/goscope/pkg/imagetest/image_fixtures.go:137
        	            				/workspaces/goscope/pkg/imagetest/image_fixtures.go:37
        	            				/workspaces/goscope/pkg/imagetest/image_fixtures.go:62
        	            				/workspaces/goscope/test/integration/fixture_image_simple_test.go:173
        	Error:      	Received unexpected error:
        	            	exec: "podman": executable file not found in $PATH
        	Test:       	BenchmarkSimpleImage_FetchSquashedContents
        	Messages:   	could not build podman image (shell out)
FAIL
exit status 1
FAIL	github.com/khulnasoft-labs/goscope/test/integration	17.572s
FAIL
